Using pre-set license
Built from '2020.3/release' branch; Version is '2020.3.34f1 (9a4c9c70452b) revision 10112156'; Using compiler version '192528614'; Build Type 'Release'
OS: 'Windows 10  (10.0.19043) 64bit Professional' Language: 'zh' Physical Memory: 16348 MB
BatchMode: 1, IsHumanControllingUs: 0, StartBugReporterOnCrash: 0, Is64bit: 1, IsPro: 0

COMMAND LINE ARGUMENTS:
E:\TOOL\Unity\Hub\Editor\2020.3.34f1\Editor\Unity.exe
-adb2
-batchMode
-noUpm
-name
AssetImportWorker0
-projectPath
E:/GitHub/111EcosystemVR/2022-EcosystemVR-Ch6
-logFile
Logs/AssetImportWorker0.log
-srvPort
60299
Successfully changed project path to: E:/GitHub/111EcosystemVR/2022-EcosystemVR-Ch6
E:/GitHub/111EcosystemVR/2022-EcosystemVR-Ch6
Using Asset Import Pipeline V2.
Refreshing native plugins compatible for Editor in 135.79 ms, found 11 plugins.
Preloading 0 native plugins for Editor in 0.00 ms.
Initialize engine version: 2020.3.34f1 (9a4c9c70452b)
[Subsystems] Discovering subsystems at path E:/TOOL/Unity/Hub/Editor/2020.3.34f1/Editor/Data/Resources/UnitySubsystems
[Subsystems] Discovering subsystems at path E:/GitHub/111EcosystemVR/2022-EcosystemVR-Ch6/Assets
GfxDevice: creating device client; threaded=0
Direct3D:
    Version:  Direct3D 11.0 [level 11.1]
    Renderer: NVIDIA GeForce GTX 1050 Ti (ID=0x1c82)
    Vendor:   
    VRAM:     4018 MB
    Driver:   30.0.15.1215
Initialize mono
Mono path[0] = 'E:/TOOL/Unity/Hub/Editor/2020.3.34f1/Editor/Data/Managed'
Mono path[1] = 'E:/TOOL/Unity/Hub/Editor/2020.3.34f1/Editor/Data/MonoBleedingEdge/lib/mono/unityjit'
Mono config path = 'E:/TOOL/Unity/Hub/Editor/2020.3.34f1/Editor/Data/MonoBleedingEdge/etc'
Using monoOptions --debugger-agent=transport=dt_socket,embedding=1,server=y,suspend=n,address=127.0.0.1:56620
Begin MonoManager ReloadAssembly
Registering precompiled unity dll's ...
Register platform support module: E:/TOOL/Unity/Hub/Editor/2020.3.34f1/Editor/Data/PlaybackEngines/WebGLSupport/UnityEditor.WebGL.Extensions.dll
Register platform support module: E:/TOOL/Unity/Hub/Editor/2020.3.34f1/Editor/Data/PlaybackEngines/WindowsStandaloneSupport/UnityEditor.WindowsStandalone.Extensions.dll
Registered in 0.001415 seconds.
Native extension for WindowsStandalone target not found
Native extension for WebGL target not found
Refreshing native plugins compatible for Editor in 154.72 ms, found 11 plugins.
Preloading 0 native plugins for Editor in 0.00 ms.
Mono: successfully reloaded assembly
- Completed reload, in  1.120 seconds
Domain Reload Profiling:
	ReloadAssembly (1121ms)
		BeginReloadAssembly (78ms)
			ExecutionOrderSort (0ms)
			DisableScriptedObjects (0ms)
			BackupInstance (0ms)
			ReleaseScriptingObjects (0ms)
			CreateAndSetChildDomain (1ms)
		EndReloadAssembly (855ms)
			LoadAssemblies (77ms)
			RebuildTransferFunctionScriptingTraits (0ms)
			SetupTypeCache (255ms)
			ReleaseScriptCaches (0ms)
			RebuildScriptCaches (38ms)
			SetupLoadedEditorAssemblies (366ms)
				LogAssemblyErrors (0ms)
				InitializePlatformSupportModulesInManaged (9ms)
				SetLoadedEditorAssemblies (0ms)
				RefreshPlugins (155ms)
				BeforeProcessingInitializeOnLoad (14ms)
				ProcessInitializeOnLoadAttributes (141ms)
				ProcessInitializeOnLoadMethodAttributes (46ms)
				AfterProcessingInitializeOnLoad (0ms)
				EditorAssembliesLoaded (0ms)
			ExecutionOrderSort2 (0ms)
			AwakeInstancesAfterBackupRestoration (0ms)
Platform modules already initialized, skipping
Registering precompiled user dll's ...
Registered in 0.011262 seconds.
Begin MonoManager ReloadAssembly
Native extension for WindowsStandalone target not found
Native extension for WebGL target not found
Refreshing native plugins compatible for Editor in 103.28 ms, found 11 plugins.
Preloading 0 native plugins for Editor in 0.00 ms.
Mono: successfully reloaded assembly
- Completed reload, in  1.875 seconds
Domain Reload Profiling:
	ReloadAssembly (1876ms)
		BeginReloadAssembly (322ms)
			ExecutionOrderSort (0ms)
			DisableScriptedObjects (5ms)
			BackupInstance (0ms)
			ReleaseScriptingObjects (0ms)
			CreateAndSetChildDomain (23ms)
		EndReloadAssembly (1491ms)
			LoadAssemblies (123ms)
			RebuildTransferFunctionScriptingTraits (0ms)
			SetupTypeCache (531ms)
			ReleaseScriptCaches (1ms)
			RebuildScriptCaches (82ms)
			SetupLoadedEditorAssemblies (594ms)
				LogAssemblyErrors (0ms)
				InitializePlatformSupportModulesInManaged (5ms)
				SetLoadedEditorAssemblies (0ms)
				RefreshPlugins (103ms)
				BeforeProcessingInitializeOnLoad (116ms)
				ProcessInitializeOnLoadAttributes (297ms)
				ProcessInitializeOnLoadMethodAttributes (70ms)
				AfterProcessingInitializeOnLoad (3ms)
				EditorAssembliesLoaded (0ms)
			ExecutionOrderSort2 (0ms)
			AwakeInstancesAfterBackupRestoration (1ms)
Platform modules already initialized, skipping
========================================================================
Worker process is ready to serve import requests
Launched and connected shader compiler UnityShaderCompiler.exe after 0.06 seconds
Refreshing native plugins compatible for Editor in 1.18 ms, found 11 plugins.
Preloading 0 native plugins for Editor in 0.00 ms.
Unloading 4185 Unused Serialized files (Serialized files now loaded: 0)
System memory in use before: 229.6 MB.
System memory in use after: 229.8 MB.

Unloading 42 unused Assets to reduce memory usage. Loaded Objects now: 4629.
Total: 4.475200 ms (FindLiveObjects: 0.289900 ms CreateObjectMapping: 0.208000 ms MarkObjects: 3.902200 ms  DeleteObjects: 0.074300 ms)

AssetImportParameters requested are different than current active one (requested -> active):
  custom:framework-win-MediaFoundation: 216162199b28c13a410421893ffa2e32 -> 
  custom:video-decoder-ogg-theora: a1e56fd34408186e4bbccfd4996cb3dc -> 
  custom:container-muxer-webm: aa71ff27fc2769a1b78a27578f13a17b -> 
  custom:container-demuxer-webm: 4f35f7cbe854078d1ac9338744f61a02 -> 
  custom:container-demuxer-ogg: 62fdf1f143b41e24485cea50d1cbac27 -> 
  custom:video-encoder-webm-vp8: eb34c28f22e8b96e1ab97ce403110664 -> 
  custom:video-codec-MediaFoundation-h265: 746d11721c4dcdbdad8f713fa42b33f4 -> 
  custom:video-decoder-webm-vp8: 9c59270c3fd7afecdb556c50c9e8de78 -> 
  custom:audio-decoder-ogg-vorbis: bf7c407c2cedff20999df2af8eb42d56 -> 
  custom:audio-encoder-webm-vorbis: bf7c407c2cedff20999df2af8eb42d56 -> 
========================================================================
Received Import Request.
  path: Assets/0_Chapter/1/Grassland/LevelController.cs
  artifactKey: Guid(a82ab29cf0c246241b7ff846ee7a38f3) Importer(815301076,1909f56bfc062723c751e8b465ee728b)
Start importing Assets/0_Chapter/1/Grassland/LevelController.cs using Guid(a82ab29cf0c246241b7ff846ee7a38f3) Importer(815301076,1909f56bfc062723c751e8b465ee728b)  -> (artifact id: '34ab394c5b2e45c92b1b7b62fd68897c') in 0.045299 seconds 
========================================================================
Received Prepare
Registering precompiled user dll's ...
Registered in 0.009768 seconds.
Begin MonoManager ReloadAssembly
Native extension for WindowsStandalone target not found
Native extension for WebGL target not found
Refreshing native plugins compatible for Editor in 1.40 ms, found 11 plugins.
Preloading 0 native plugins for Editor in 0.00 ms.
Mono: successfully reloaded assembly
- Completed reload, in  1.534 seconds
Domain Reload Profiling:
	ReloadAssembly (1535ms)
		BeginReloadAssembly (155ms)
			ExecutionOrderSort (0ms)
			DisableScriptedObjects (5ms)
			BackupInstance (0ms)
			ReleaseScriptingObjects (0ms)
			CreateAndSetChildDomain (50ms)
		EndReloadAssembly (1309ms)
			LoadAssemblies (138ms)
			RebuildTransferFunctionScriptingTraits (0ms)
			SetupTypeCache (424ms)
			ReleaseScriptCaches (2ms)
			RebuildScriptCaches (64ms)
			SetupLoadedEditorAssemblies (544ms)
				LogAssemblyErrors (0ms)
				InitializePlatformSupportModulesInManaged (6ms)
				SetLoadedEditorAssemblies (1ms)
				RefreshPlugins (2ms)
				BeforeProcessingInitializeOnLoad (94ms)
				ProcessInitializeOnLoadAttributes (351ms)
				ProcessInitializeOnLoadMethodAttributes (86ms)
				AfterProcessingInitializeOnLoad (4ms)
				EditorAssembliesLoaded (0ms)
			ExecutionOrderSort2 (0ms)
			AwakeInstancesAfterBackupRestoration (6ms)
Platform modules already initialized, skipping
Refreshing native plugins compatible for Editor in 1.23 ms, found 11 plugins.
Preloading 0 native plugins for Editor in 0.00 ms.
Unloading 3981 Unused Serialized files (Serialized files now loaded: 0)
System memory in use before: 215.1 MB.
System memory in use after: 215.3 MB.

Unloading 36 unused Assets to reduce memory usage. Loaded Objects now: 4633.
Total: 4.884400 ms (FindLiveObjects: 0.294000 ms CreateObjectMapping: 0.225000 ms MarkObjects: 4.293900 ms  DeleteObjects: 0.070400 ms)

AssetImportParameters requested are different than current active one (requested -> active):
  custom:framework-win-MediaFoundation: 216162199b28c13a410421893ffa2e32 -> 
  custom:video-decoder-ogg-theora: a1e56fd34408186e4bbccfd4996cb3dc -> 
  custom:container-muxer-webm: aa71ff27fc2769a1b78a27578f13a17b -> 
  custom:container-demuxer-webm: 4f35f7cbe854078d1ac9338744f61a02 -> 
  custom:container-demuxer-ogg: 62fdf1f143b41e24485cea50d1cbac27 -> 
  custom:video-encoder-webm-vp8: eb34c28f22e8b96e1ab97ce403110664 -> 
  custom:video-codec-MediaFoundation-h265: 746d11721c4dcdbdad8f713fa42b33f4 -> 
  custom:video-decoder-webm-vp8: 9c59270c3fd7afecdb556c50c9e8de78 -> 
  custom:audio-decoder-ogg-vorbis: bf7c407c2cedff20999df2af8eb42d56 -> 
  custom:audio-encoder-webm-vorbis: bf7c407c2cedff20999df2af8eb42d56 -> 
========================================================================
Received Import Request.
  Time since last request: 135.995185 seconds.
  path: Assets/0_Chapter/1/Grassland/GameController.cs
  artifactKey: Guid(83a0cb039c3910543b3bd3b6752f9b9a) Importer(815301076,1909f56bfc062723c751e8b465ee728b)
Start importing Assets/0_Chapter/1/Grassland/GameController.cs using Guid(83a0cb039c3910543b3bd3b6752f9b9a) Importer(815301076,1909f56bfc062723c751e8b465ee728b)  -> (artifact id: '42a33c72835ff36cb5437e63774b2738') in 0.030869 seconds 
========================================================================
Received Import Request.
  Time since last request: 197.075245 seconds.
  path: Assets/Chapter/Ch1+Ch2/model_animal/Oncorhynchus masou formosanus/Animation/DIE.anim
  artifactKey: Guid(26b8859632bdd9645bfcd402d80471b0) Importer(815301076,1909f56bfc062723c751e8b465ee728b)
Start importing Assets/Chapter/Ch1+Ch2/model_animal/Oncorhynchus masou formosanus/Animation/DIE.anim using Guid(26b8859632bdd9645bfcd402d80471b0) Importer(815301076,1909f56bfc062723c751e8b465ee728b)  -> (artifact id: '75ee0ad53faff1b6987d2f2a0023796f') in 0.059805 seconds 
========================================================================
Received Import Request.
  Time since last request: 0.936799 seconds.
  path: Assets/Chapter/Ch1+Ch2/model_animal/Oncorhynchus masou formosanus/Animation/Oncorhynchus masou formosanus.controller
  artifactKey: Guid(65ecddb0c7a1ced4882b3ab2835f4c5f) Importer(815301076,1909f56bfc062723c751e8b465ee728b)
Start importing Assets/Chapter/Ch1+Ch2/model_animal/Oncorhynchus masou formosanus/Animation/Oncorhynchus masou formosanus.controller using Guid(65ecddb0c7a1ced4882b3ab2835f4c5f) Importer(815301076,1909f56bfc062723c751e8b465ee728b)  -> (artifact id: '21843197f494ef010b00c3a874f0b894') in 0.009062 seconds 
========================================================================
Received Import Request.
  Time since last request: 0.819324 seconds.
  path: Assets/Chapter/Ch1+Ch2/model_animal/Oncorhynchus masou formosanus/Animation/SWIM.anim
  artifactKey: Guid(2b06969dda581b043b729e9974a26efe) Importer(815301076,1909f56bfc062723c751e8b465ee728b)
Start importing Assets/Chapter/Ch1+Ch2/model_animal/Oncorhynchus masou formosanus/Animation/SWIM.anim using Guid(2b06969dda581b043b729e9974a26efe) Importer(815301076,1909f56bfc062723c751e8b465ee728b)  -> (artifact id: '05be4b15bf73b1090bb0150575379cb4') in 0.008371 seconds 
========================================================================
Received Import Request.
  Time since last request: 38.844281 seconds.
  path: Assets/Chapter/Ch1+Ch2/model_animal/Oncorhynchus masou formosanus/Animation
  artifactKey: Guid(49bdad383fdd9c648b762e9c73590c5a) Importer(815301076,1909f56bfc062723c751e8b465ee728b)
Start importing Assets/Chapter/Ch1+Ch2/model_animal/Oncorhynchus masou formosanus/Animation using Guid(49bdad383fdd9c648b762e9c73590c5a) Importer(815301076,1909f56bfc062723c751e8b465ee728b)  -> (artifact id: '13550d5eb82b71e896b360f3dbee9cca') in 0.002263 seconds 
========================================================================
Received Import Request.
  Time since last request: 9.495485 seconds.
  path: Assets/Chapter/Ch1+Ch2/model_animal/Oncorhynchus masou formosanus/Texture
  artifactKey: Guid(f519d277b09a26f40b878f096a6a543a) Importer(815301076,1909f56bfc062723c751e8b465ee728b)
Start importing Assets/Chapter/Ch1+Ch2/model_animal/Oncorhynchus masou formosanus/Texture using Guid(f519d277b09a26f40b878f096a6a543a) Importer(815301076,1909f56bfc062723c751e8b465ee728b)  -> (artifact id: '610bebd0db2ad8880f78c6863ee20282') in 0.021535 seconds 
========================================================================
Received Import Request.
  Time since last request: 9.862520 seconds.
  path: Assets/Chapter/Ch1+Ch2/model_animal/Oncorhynchus masou formosanus/Penguin/Animations/idle.anim
  artifactKey: Guid(422efa12b28a4a44db80065d0a16e862) Importer(815301076,1909f56bfc062723c751e8b465ee728b)
Start importing Assets/Chapter/Ch1+Ch2/model_animal/Oncorhynchus masou formosanus/Penguin/Animations/idle.anim using Guid(422efa12b28a4a44db80065d0a16e862) Importer(815301076,1909f56bfc062723c751e8b465ee728b)  -> (artifact id: 'bb78ed88a2744990ed0891ac81582b2a') in 0.018510 seconds 
========================================================================
Received Import Request.
  Time since last request: 1.139471 seconds.
  path: Assets/Chapter/Ch1+Ch2/model_animal/Oncorhynchus masou formosanus/Penguin/Animations/run.anim
  artifactKey: Guid(6da6a8ec7d36b4c43986838421499737) Importer(815301076,1909f56bfc062723c751e8b465ee728b)
Start importing Assets/Chapter/Ch1+Ch2/model_animal/Oncorhynchus masou formosanus/Penguin/Animations/run.anim using Guid(6da6a8ec7d36b4c43986838421499737) Importer(815301076,1909f56bfc062723c751e8b465ee728b)  -> (artifact id: '5f7c5714a2fcdb4ef3df60ef80016316') in 0.027547 seconds 
========================================================================
Received Import Request.
  Time since last request: 35.793772 seconds.
  path: Assets/Chapter/Ch1+Ch2/model_animal/Oncorhynchus masou formosanus/Oncorhynchus masou formosanus_rig_exp20_SK.FBX
  artifactKey: Guid(0d73e73e7ec7e10439005e503f857890) Importer(815301076,1909f56bfc062723c751e8b465ee728b)
Start importing Assets/Chapter/Ch1+Ch2/model_animal/Oncorhynchus masou formosanus/Oncorhynchus masou formosanus_rig_exp20_SK.FBX using Guid(0d73e73e7ec7e10439005e503f857890) Importer(815301076,1909f56bfc062723c751e8b465ee728b)  -> (artifact id: 'cc557f6036996f0ef2526335a1185dea') in 0.318547 seconds 
========================================================================
Received Import Request.
  Time since last request: 132.887361 seconds.
  path: Assets/Chapter/Ch1+Ch2/model_animal/Oncorhynchus masou formosanus/Oncorhynchus masou formosanus_rig_exp20_SK.FBX
  artifactKey: Guid(0d73e73e7ec7e10439005e503f857890) Importer(815301076,1909f56bfc062723c751e8b465ee728b)
Start importing Assets/Chapter/Ch1+Ch2/model_animal/Oncorhynchus masou formosanus/Oncorhynchus masou formosanus_rig_exp20_SK.FBX using Guid(0d73e73e7ec7e10439005e503f857890) Importer(815301076,1909f56bfc062723c751e8b465ee728b)  -> (artifact id: '71af2a1cf44d064f542949d26fc3c371') in 0.061739 seconds 
========================================================================
Received Import Request.
  Time since last request: 4.753077 seconds.
  path: Assets/Chapter/Ch1+Ch2/model_animal/Oncorhynchus masou formosanus/Oncorhynchus masou formosanus_rig_exp20_SK.FBX
  artifactKey: Guid(0d73e73e7ec7e10439005e503f857890) Importer(815301076,1909f56bfc062723c751e8b465ee728b)
Start importing Assets/Chapter/Ch1+Ch2/model_animal/Oncorhynchus masou formosanus/Oncorhynchus masou formosanus_rig_exp20_SK.FBX using Guid(0d73e73e7ec7e10439005e503f857890) Importer(815301076,1909f56bfc062723c751e8b465ee728b)  -> (artifact id: 'c1c64018526bf61b3c7150135a89f4c4') in 0.044389 seconds 
========================================================================
Received Prepare
Registering precompiled user dll's ...
Registered in 0.006612 seconds.
Begin MonoManager ReloadAssembly
Native extension for WindowsStandalone target not found
Native extension for WebGL target not found
Refreshing native plugins compatible for Editor in 1.25 ms, found 11 plugins.
Preloading 0 native plugins for Editor in 0.00 ms.
Mono: successfully reloaded assembly
- Completed reload, in  1.687 seconds
Domain Reload Profiling:
	ReloadAssembly (1687ms)
		BeginReloadAssembly (152ms)
			ExecutionOrderSort (0ms)
			DisableScriptedObjects (8ms)
			BackupInstance (0ms)
			ReleaseScriptingObjects (0ms)
			CreateAndSetChildDomain (47ms)
		EndReloadAssembly (1472ms)
			LoadAssemblies (130ms)
			RebuildTransferFunctionScriptingTraits (0ms)
			SetupTypeCache (457ms)
			ReleaseScriptCaches (1ms)
			RebuildScriptCaches (56ms)
			SetupLoadedEditorAssemblies (644ms)
				LogAssemblyErrors (0ms)
				InitializePlatformSupportModulesInManaged (6ms)
				SetLoadedEditorAssemblies (1ms)
				RefreshPlugins (1ms)
				BeforeProcessingInitializeOnLoad (93ms)
				ProcessInitializeOnLoadAttributes (429ms)
				ProcessInitializeOnLoadMethodAttributes (108ms)
				AfterProcessingInitializeOnLoad (6ms)
				EditorAssembliesLoaded (1ms)
			ExecutionOrderSort2 (0ms)
			AwakeInstancesAfterBackupRestoration (14ms)
Platform modules already initialized, skipping
Refreshing native plugins compatible for Editor in 2.21 ms, found 11 plugins.
Preloading 0 native plugins for Editor in 0.00 ms.
Unloading 3981 Unused Serialized files (Serialized files now loaded: 0)
System memory in use before: 220.6 MB.
System memory in use after: 220.8 MB.

Unloading 36 unused Assets to reduce memory usage. Loaded Objects now: 4685.
Total: 5.716500 ms (FindLiveObjects: 0.342300 ms CreateObjectMapping: 0.273100 ms MarkObjects: 5.062400 ms  DeleteObjects: 0.037400 ms)

AssetImportParameters requested are different than current active one (requested -> active):
  custom:framework-win-MediaFoundation: 216162199b28c13a410421893ffa2e32 -> 
  custom:video-decoder-ogg-theora: a1e56fd34408186e4bbccfd4996cb3dc -> 
  custom:container-muxer-webm: aa71ff27fc2769a1b78a27578f13a17b -> 
  custom:container-demuxer-webm: 4f35f7cbe854078d1ac9338744f61a02 -> 
  custom:container-demuxer-ogg: 62fdf1f143b41e24485cea50d1cbac27 -> 
  custom:video-encoder-webm-vp8: eb34c28f22e8b96e1ab97ce403110664 -> 
  custom:video-codec-MediaFoundation-h265: 746d11721c4dcdbdad8f713fa42b33f4 -> 
  custom:video-decoder-webm-vp8: 9c59270c3fd7afecdb556c50c9e8de78 -> 
  custom:audio-decoder-ogg-vorbis: bf7c407c2cedff20999df2af8eb42d56 -> 
  custom:audio-encoder-webm-vorbis: bf7c407c2cedff20999df2af8eb42d56 -> 
========================================================================
Received Import Request.
  Time since last request: 288.572134 seconds.
  path: Assets/0_Chapter/1/RIVER/River.unity
  artifactKey: Guid(abdc0e753ce53444794d0ece2fd2e958) Importer(815301076,1909f56bfc062723c751e8b465ee728b)
Start importing Assets/0_Chapter/1/RIVER/River.unity using Guid(abdc0e753ce53444794d0ece2fd2e958) Importer(815301076,1909f56bfc062723c751e8b465ee728b)  -> (artifact id: 'c0eebf15aac097a0419d094f74b62f78') in 0.010179 seconds 
========================================================================
Received Import Request.
  Time since last request: 40.156317 seconds.
  path: Assets/0_Chapter/1/Grassland/grassland.unity
  artifactKey: Guid(5d8699c6bb14f6d49804719693f50f71) Importer(815301076,1909f56bfc062723c751e8b465ee728b)
Start importing Assets/0_Chapter/1/Grassland/grassland.unity using Guid(5d8699c6bb14f6d49804719693f50f71) Importer(815301076,1909f56bfc062723c751e8b465ee728b)  -> (artifact id: '3403b4563fcf43f5a15034287c53eafd') in 0.004461 seconds 
========================================================================
Received Prepare
Registering precompiled user dll's ...
Registered in 0.006891 seconds.
Begin MonoManager ReloadAssembly
Native extension for WindowsStandalone target not found
Native extension for WebGL target not found
Refreshing native plugins compatible for Editor in 1.20 ms, found 11 plugins.
Preloading 0 native plugins for Editor in 0.00 ms.
Mono: successfully reloaded assembly
- Completed reload, in  1.477 seconds
Domain Reload Profiling:
	ReloadAssembly (1477ms)
		BeginReloadAssembly (166ms)
			ExecutionOrderSort (0ms)
			DisableScriptedObjects (8ms)
			BackupInstance (0ms)
			ReleaseScriptingObjects (0ms)
			CreateAndSetChildDomain (52ms)
		EndReloadAssembly (1238ms)
			LoadAssemblies (148ms)
			RebuildTransferFunctionScriptingTraits (0ms)
			SetupTypeCache (412ms)
			ReleaseScriptCaches (1ms)
			RebuildScriptCaches (53ms)
			SetupLoadedEditorAssemblies (489ms)
				LogAssemblyErrors (0ms)
				InitializePlatformSupportModulesInManaged (4ms)
				SetLoadedEditorAssemblies (1ms)
				RefreshPlugins (1ms)
				BeforeProcessingInitializeOnLoad (93ms)
				ProcessInitializeOnLoadAttributes (322ms)
				ProcessInitializeOnLoadMethodAttributes (65ms)
				AfterProcessingInitializeOnLoad (3ms)
				EditorAssembliesLoaded (0ms)
			ExecutionOrderSort2 (0ms)
			AwakeInstancesAfterBackupRestoration (10ms)
Platform modules already initialized, skipping
Refreshing native plugins compatible for Editor in 1.29 ms, found 11 plugins.
Preloading 0 native plugins for Editor in 0.00 ms.
Unloading 3981 Unused Serialized files (Serialized files now loaded: 0)
System memory in use before: 220.6 MB.
System memory in use after: 220.9 MB.

Unloading 36 unused Assets to reduce memory usage. Loaded Objects now: 4689.
Total: 3.881000 ms (FindLiveObjects: 0.313700 ms CreateObjectMapping: 0.216900 ms MarkObjects: 3.298000 ms  DeleteObjects: 0.051600 ms)

AssetImportParameters requested are different than current active one (requested -> active):
  custom:framework-win-MediaFoundation: 216162199b28c13a410421893ffa2e32 -> 
  custom:video-decoder-ogg-theora: a1e56fd34408186e4bbccfd4996cb3dc -> 
  custom:container-muxer-webm: aa71ff27fc2769a1b78a27578f13a17b -> 
  custom:container-demuxer-webm: 4f35f7cbe854078d1ac9338744f61a02 -> 
  custom:container-demuxer-ogg: 62fdf1f143b41e24485cea50d1cbac27 -> 
  custom:video-encoder-webm-vp8: eb34c28f22e8b96e1ab97ce403110664 -> 
  custom:video-codec-MediaFoundation-h265: 746d11721c4dcdbdad8f713fa42b33f4 -> 
  custom:video-decoder-webm-vp8: 9c59270c3fd7afecdb556c50c9e8de78 -> 
  custom:audio-decoder-ogg-vorbis: bf7c407c2cedff20999df2af8eb42d56 -> 
  custom:audio-encoder-webm-vorbis: bf7c407c2cedff20999df2af8eb42d56 -> 
========================================================================
Received Import Request.
  Time since last request: 207.043204 seconds.
  path: Assets/0_Chapter/1/Grassland/grassland.unity
  artifactKey: Guid(5d8699c6bb14f6d49804719693f50f71) Importer(815301076,1909f56bfc062723c751e8b465ee728b)
Start importing Assets/0_Chapter/1/Grassland/grassland.unity using Guid(5d8699c6bb14f6d49804719693f50f71) Importer(815301076,1909f56bfc062723c751e8b465ee728b)  -> (artifact id: '6996a8974fc7e933e3f28c5c0e4e3374') in 0.009113 seconds 
========================================================================
Received Prepare
Registering precompiled user dll's ...
Registered in 0.006856 seconds.
Begin MonoManager ReloadAssembly
Native extension for WindowsStandalone target not found
Native extension for WebGL target not found
Refreshing native plugins compatible for Editor in 1.34 ms, found 11 plugins.
Preloading 0 native plugins for Editor in 0.00 ms.
Mono: successfully reloaded assembly
- Completed reload, in  1.626 seconds
Domain Reload Profiling:
	ReloadAssembly (1627ms)
		BeginReloadAssembly (150ms)
			ExecutionOrderSort (0ms)
			DisableScriptedObjects (5ms)
			BackupInstance (0ms)
			ReleaseScriptingObjects (0ms)
			CreateAndSetChildDomain (50ms)
		EndReloadAssembly (1415ms)
			LoadAssemblies (130ms)
			RebuildTransferFunctionScriptingTraits (0ms)
			SetupTypeCache (440ms)
			ReleaseScriptCaches (2ms)
			RebuildScriptCaches (55ms)
			SetupLoadedEditorAssemblies (649ms)
				LogAssemblyErrors (0ms)
				InitializePlatformSupportModulesInManaged (4ms)
				SetLoadedEditorAssemblies (1ms)
				RefreshPlugins (1ms)
				BeforeProcessingInitializeOnLoad (101ms)
				ProcessInitializeOnLoadAttributes (437ms)
				ProcessInitializeOnLoadMethodAttributes (99ms)
				AfterProcessingInitializeOnLoad (4ms)
				EditorAssembliesLoaded (0ms)
			ExecutionOrderSort2 (0ms)
			AwakeInstancesAfterBackupRestoration (14ms)
Platform modules already initialized, skipping
Refreshing native plugins compatible for Editor in 1.27 ms, found 11 plugins.
Preloading 0 native plugins for Editor in 0.00 ms.
Unloading 3981 Unused Serialized files (Serialized files now loaded: 0)
System memory in use before: 220.6 MB.
System memory in use after: 220.9 MB.

Unloading 36 unused Assets to reduce memory usage. Loaded Objects now: 4693.
Total: 4.229900 ms (FindLiveObjects: 0.319400 ms CreateObjectMapping: 0.242200 ms MarkObjects: 3.624200 ms  DeleteObjects: 0.043100 ms)

AssetImportParameters requested are different than current active one (requested -> active):
  custom:framework-win-MediaFoundation: 216162199b28c13a410421893ffa2e32 -> 
  custom:video-decoder-ogg-theora: a1e56fd34408186e4bbccfd4996cb3dc -> 
  custom:container-muxer-webm: aa71ff27fc2769a1b78a27578f13a17b -> 
  custom:container-demuxer-webm: 4f35f7cbe854078d1ac9338744f61a02 -> 
  custom:container-demuxer-ogg: 62fdf1f143b41e24485cea50d1cbac27 -> 
  custom:video-encoder-webm-vp8: eb34c28f22e8b96e1ab97ce403110664 -> 
  custom:video-codec-MediaFoundation-h265: 746d11721c4dcdbdad8f713fa42b33f4 -> 
  custom:video-decoder-webm-vp8: 9c59270c3fd7afecdb556c50c9e8de78 -> 
  custom:audio-decoder-ogg-vorbis: bf7c407c2cedff20999df2af8eb42d56 -> 
  custom:audio-encoder-webm-vorbis: bf7c407c2cedff20999df2af8eb42d56 -> 
========================================================================
Received Prepare
Registering precompiled user dll's ...
Registered in 0.007526 seconds.
Begin MonoManager ReloadAssembly
Native extension for WindowsStandalone target not found
Native extension for WebGL target not found
Refreshing native plugins compatible for Editor in 1.43 ms, found 11 plugins.
Preloading 0 native plugins for Editor in 0.00 ms.
Mono: successfully reloaded assembly
- Completed reload, in  1.407 seconds
Domain Reload Profiling:
	ReloadAssembly (1408ms)
		BeginReloadAssembly (119ms)
			ExecutionOrderSort (0ms)
			DisableScriptedObjects (5ms)
			BackupInstance (0ms)
			ReleaseScriptingObjects (0ms)
			CreateAndSetChildDomain (36ms)
		EndReloadAssembly (1228ms)
			LoadAssemblies (109ms)
			RebuildTransferFunctionScriptingTraits (0ms)
			SetupTypeCache (379ms)
			ReleaseScriptCaches (2ms)
			RebuildScriptCaches (55ms)
			SetupLoadedEditorAssemblies (533ms)
				LogAssemblyErrors (0ms)
				InitializePlatformSupportModulesInManaged (5ms)
				SetLoadedEditorAssemblies (1ms)
				RefreshPlugins (1ms)
				BeforeProcessingInitializeOnLoad (95ms)
				ProcessInitializeOnLoadAttributes (356ms)
				ProcessInitializeOnLoadMethodAttributes (71ms)
				AfterProcessingInitializeOnLoad (4ms)
				EditorAssembliesLoaded (0ms)
			ExecutionOrderSort2 (0ms)
			AwakeInstancesAfterBackupRestoration (10ms)
Platform modules already initialized, skipping
Refreshing native plugins compatible for Editor in 2.39 ms, found 11 plugins.
Preloading 0 native plugins for Editor in 0.00 ms.
Unloading 3981 Unused Serialized files (Serialized files now loaded: 0)
System memory in use before: 220.7 MB.
System memory in use after: 220.9 MB.

Unloading 36 unused Assets to reduce memory usage. Loaded Objects now: 4697.
Total: 10.568700 ms (FindLiveObjects: 0.676000 ms CreateObjectMapping: 0.401900 ms MarkObjects: 9.443800 ms  DeleteObjects: 0.045000 ms)

AssetImportParameters requested are different than current active one (requested -> active):
  custom:framework-win-MediaFoundation: 216162199b28c13a410421893ffa2e32 -> 
  custom:video-decoder-ogg-theora: a1e56fd34408186e4bbccfd4996cb3dc -> 
  custom:container-muxer-webm: aa71ff27fc2769a1b78a27578f13a17b -> 
  custom:container-demuxer-webm: 4f35f7cbe854078d1ac9338744f61a02 -> 
  custom:container-demuxer-ogg: 62fdf1f143b41e24485cea50d1cbac27 -> 
  custom:video-encoder-webm-vp8: eb34c28f22e8b96e1ab97ce403110664 -> 
  custom:video-codec-MediaFoundation-h265: 746d11721c4dcdbdad8f713fa42b33f4 -> 
  custom:video-decoder-webm-vp8: 9c59270c3fd7afecdb556c50c9e8de78 -> 
  custom:audio-decoder-ogg-vorbis: bf7c407c2cedff20999df2af8eb42d56 -> 
  custom:audio-encoder-webm-vorbis: bf7c407c2cedff20999df2af8eb42d56 -> 
========================================================================
Received Import Request.
  Time since last request: 1346.768687 seconds.
  path: Assets/Chapter/Ch5/Fishing.unity
  artifactKey: Guid(dec3cb42d19eb0546a1cdb57d5d8091e) Importer(815301076,1909f56bfc062723c751e8b465ee728b)
Start importing Assets/Chapter/Ch5/Fishing.unity using Guid(dec3cb42d19eb0546a1cdb57d5d8091e) Importer(815301076,1909f56bfc062723c751e8b465ee728b)  -> (artifact id: '5c8996047b28abacc9af49cd92867d0c') in 0.021854 seconds 
========================================================================
Received Import Request.
  Time since last request: 26.531128 seconds.
  path: Assets/0_Chapter/1/Grassland/grassland.unity
  artifactKey: Guid(5d8699c6bb14f6d49804719693f50f71) Importer(815301076,1909f56bfc062723c751e8b465ee728b)
Start importing Assets/0_Chapter/1/Grassland/grassland.unity using Guid(5d8699c6bb14f6d49804719693f50f71) Importer(815301076,1909f56bfc062723c751e8b465ee728b)  -> (artifact id: 'b5e1d17e6bdda278c4adc31970cf8fba') in 0.004410 seconds 
========================================================================
Received Import Request.
  Time since last request: 408.349577 seconds.
  path: Assets/Chapter/Ch6/model/Cat/Cat_Animator.controller
  artifactKey: Guid(0fdbefe5b58518b429e00106a7fa1621) Importer(815301076,1909f56bfc062723c751e8b465ee728b)
Start importing Assets/Chapter/Ch6/model/Cat/Cat_Animator.controller using Guid(0fdbefe5b58518b429e00106a7fa1621) Importer(815301076,1909f56bfc062723c751e8b465ee728b)  -> (artifact id: 'da54dfa75a1a41cb33b25121dd01e75b') in 0.021169 seconds 
========================================================================
Received Import Request.
  Time since last request: 23.108587 seconds.
  path: Assets/Chapter/Ch6/model/Cat/Cat_Animator 1.controller
  artifactKey: Guid(75917a2074d5731418cb7f469e489c81) Importer(815301076,1909f56bfc062723c751e8b465ee728b)
Start importing Assets/Chapter/Ch6/model/Cat/Cat_Animator 1.controller using Guid(75917a2074d5731418cb7f469e489c81) Importer(815301076,1909f56bfc062723c751e8b465ee728b)  -> (artifact id: 'f4c0a5fbac0ca5f898ad3ec3b9bbeda4') in 0.008017 seconds 
========================================================================
Received Import Request.
  Time since last request: 14.102423 seconds.
  path: Assets/Chapter/Ch5/Model/Bird/bone breath new.fbx
  artifactKey: Guid(0902d0796e95b23479c83d9d2645692a) Importer(815301076,1909f56bfc062723c751e8b465ee728b)
Start importing Assets/Chapter/Ch5/Model/Bird/bone breath new.fbx using Guid(0902d0796e95b23479c83d9d2645692a) Importer(815301076,1909f56bfc062723c751e8b465ee728b)  -> (artifact id: '2ae6ea440407a1fe2a40df3257e7a886') in 0.972307 seconds 
========================================================================
Received Import Request.
  Time since last request: 82.335744 seconds.
  path: Assets/Chapter/Ch5/Fur/Materials
  artifactKey: Guid(e900915b57becc2419ae0f928c6806dd) Importer(815301076,1909f56bfc062723c751e8b465ee728b)
Start importing Assets/Chapter/Ch5/Fur/Materials using Guid(e900915b57becc2419ae0f928c6806dd) Importer(815301076,1909f56bfc062723c751e8b465ee728b)  -> (artifact id: 'e319df3065df52bbc4152f22cd908d72') in 0.008798 seconds 
========================================================================
Received Import Request.
  Time since last request: 0.809318 seconds.
  path: Assets/Chapter/Ch5/Fur/Textures/FurFin_Blur.png
  artifactKey: Guid(06a14a1f370dddc4d852be45219dc8fc) Importer(815301076,1909f56bfc062723c751e8b465ee728b)
Start importing Assets/Chapter/Ch5/Fur/Textures/FurFin_Blur.png using Guid(06a14a1f370dddc4d852be45219dc8fc) Importer(815301076,1909f56bfc062723c751e8b465ee728b)  -> (artifact id: 'ee7b0b8967a45b4167adf82a74c1d478') in 0.052470 seconds 
========================================================================
Received Import Request.
  Time since last request: 0.000217 seconds.
  path: Assets/Chapter/Ch5/Fur/Textures/FurFinNormal.png
  artifactKey: Guid(e0a62416f4c506d4798f004b12d84fc3) Importer(815301076,1909f56bfc062723c751e8b465ee728b)
Start importing Assets/Chapter/Ch5/Fur/Textures/FurFinNormal.png using Guid(e0a62416f4c506d4798f004b12d84fc3) Importer(815301076,1909f56bfc062723c751e8b465ee728b)  -> (artifact id: '8dca1b62656215f67d145991343edcf4') in 0.032456 seconds 
========================================================================
Received Import Request.
  Time since last request: 11.303031 seconds.
  path: Assets/Chapter/Ch1+Ch2/model_animal/Tropical Fish/01/Texture
  artifactKey: Guid(eb3874857f22ffd44b82134b0cb612c8) Importer(815301076,1909f56bfc062723c751e8b465ee728b)
Start importing Assets/Chapter/Ch1+Ch2/model_animal/Tropical Fish/01/Texture using Guid(eb3874857f22ffd44b82134b0cb612c8) Importer(815301076,1909f56bfc062723c751e8b465ee728b)  -> (artifact id: '855b368ee4a4f85d18b0623078e633eb') in 0.008032 seconds 
========================================================================
Received Import Request.
  Time since last request: 5.356549 seconds.
  path: Assets/Chapter/Ch1+Ch2/model_animal/Tropical Fish/01/siganus_guttatus_rig_exp20_SK.FBX
  artifactKey: Guid(351b4c3e0a9e599498b606ce303fb69f) Importer(815301076,1909f56bfc062723c751e8b465ee728b)
Start importing Assets/Chapter/Ch1+Ch2/model_animal/Tropical Fish/01/siganus_guttatus_rig_exp20_SK.FBX using Guid(351b4c3e0a9e599498b606ce303fb69f) Importer(815301076,1909f56bfc062723c751e8b465ee728b)  -> (artifact id: '8550bc7d77aa193b1acce9a6ed18dda8') in 0.048490 seconds 
========================================================================
Received Import Request.
  Time since last request: 18.036795 seconds.
  path: Assets/Chapter/Ch1+Ch2/model_animal/Tropical Fish/02Nemo/NEMO.FBX
  artifactKey: Guid(44ea85ef0d06ee54aa601628e781b2e1) Importer(815301076,1909f56bfc062723c751e8b465ee728b)
Start importing Assets/Chapter/Ch1+Ch2/model_animal/Tropical Fish/02Nemo/NEMO.FBX using Guid(44ea85ef0d06ee54aa601628e781b2e1) Importer(815301076,1909f56bfc062723c751e8b465ee728b)  -> (artifact id: '31ea2f52f82cef503075e9c0d319f135') in 0.044932 seconds 
========================================================================
Received Import Request.
  Time since last request: 8.164940 seconds.
  path: Assets/Chapter/Ch1+Ch2/model_animal/Tropical Fish/03/moorish_idol_rig_exp20_SK.FBX
  artifactKey: Guid(822815b86dac7e64e9c62af7009ecaf1) Importer(815301076,1909f56bfc062723c751e8b465ee728b)
Start importing Assets/Chapter/Ch1+Ch2/model_animal/Tropical Fish/03/moorish_idol_rig_exp20_SK.FBX using Guid(822815b86dac7e64e9c62af7009ecaf1) Importer(815301076,1909f56bfc062723c751e8b465ee728b)  -> (artifact id: 'd8247a6aa84a7e076d2e82c5264a94c1') in 0.196988 seconds 
========================================================================
Received Prepare
Registering precompiled user dll's ...
Registered in 0.008190 seconds.
Begin MonoManager ReloadAssembly
Native extension for WindowsStandalone target not found
Native extension for WebGL target not found
Refreshing native plugins compatible for Editor in 2.00 ms, found 11 plugins.
Preloading 0 native plugins for Editor in 0.00 ms.
Mono: successfully reloaded assembly
- Completed reload, in  1.634 seconds
Domain Reload Profiling:
	ReloadAssembly (1634ms)
		BeginReloadAssembly (154ms)
			ExecutionOrderSort (0ms)
			DisableScriptedObjects (13ms)
			BackupInstance (0ms)
			ReleaseScriptingObjects (0ms)
			CreateAndSetChildDomain (50ms)
		EndReloadAssembly (1383ms)
			LoadAssemblies (173ms)
			RebuildTransferFunctionScriptingTraits (0ms)
			SetupTypeCache (431ms)
			ReleaseScriptCaches (2ms)
			RebuildScriptCaches (55ms)
			SetupLoadedEditorAssemblies (572ms)
				LogAssemblyErrors (0ms)
				InitializePlatformSupportModulesInManaged (5ms)
				SetLoadedEditorAssemblies (1ms)
				RefreshPlugins (2ms)
				BeforeProcessingInitializeOnLoad (108ms)
				ProcessInitializeOnLoadAttributes (378ms)
				ProcessInitializeOnLoadMethodAttributes (75ms)
				AfterProcessingInitializeOnLoad (3ms)
				EditorAssembliesLoaded (0ms)
			ExecutionOrderSort2 (0ms)
			AwakeInstancesAfterBackupRestoration (14ms)
Platform modules already initialized, skipping
Refreshing native plugins compatible for Editor in 1.24 ms, found 11 plugins.
Preloading 0 native plugins for Editor in 0.00 ms.
Unloading 3981 Unused Serialized files (Serialized files now loaded: 0)
System memory in use before: 221.6 MB.
System memory in use after: 221.9 MB.

Unloading 36 unused Assets to reduce memory usage. Loaded Objects now: 4774.
Total: 4.138900 ms (FindLiveObjects: 0.322000 ms CreateObjectMapping: 0.226500 ms MarkObjects: 3.558100 ms  DeleteObjects: 0.031400 ms)

AssetImportParameters requested are different than current active one (requested -> active):
  custom:framework-win-MediaFoundation: 216162199b28c13a410421893ffa2e32 -> 
  custom:video-decoder-ogg-theora: a1e56fd34408186e4bbccfd4996cb3dc -> 
  custom:container-muxer-webm: aa71ff27fc2769a1b78a27578f13a17b -> 
  custom:container-demuxer-webm: 4f35f7cbe854078d1ac9338744f61a02 -> 
  custom:container-demuxer-ogg: 62fdf1f143b41e24485cea50d1cbac27 -> 
  custom:video-encoder-webm-vp8: eb34c28f22e8b96e1ab97ce403110664 -> 
  custom:video-codec-MediaFoundation-h265: 746d11721c4dcdbdad8f713fa42b33f4 -> 
  custom:video-decoder-webm-vp8: 9c59270c3fd7afecdb556c50c9e8de78 -> 
  custom:audio-decoder-ogg-vorbis: bf7c407c2cedff20999df2af8eb42d56 -> 
  custom:audio-encoder-webm-vorbis: bf7c407c2cedff20999df2af8eb42d56 -> 
========================================================================
Received Prepare
Registering precompiled user dll's ...
Registered in 0.008856 seconds.
Begin MonoManager ReloadAssembly
Native extension for WindowsStandalone target not found
Native extension for WebGL target not found
Refreshing native plugins compatible for Editor in 1.20 ms, found 11 plugins.
Preloading 0 native plugins for Editor in 0.00 ms.
Mono: successfully reloaded assembly
- Completed reload, in  1.591 seconds
Domain Reload Profiling:
	ReloadAssembly (1592ms)
		BeginReloadAssembly (203ms)
			ExecutionOrderSort (0ms)
			DisableScriptedObjects (6ms)
			BackupInstance (0ms)
			ReleaseScriptingObjects (0ms)
			CreateAndSetChildDomain (64ms)
		EndReloadAssembly (1292ms)
			LoadAssemblies (203ms)
			RebuildTransferFunctionScriptingTraits (0ms)
			SetupTypeCache (441ms)
			ReleaseScriptCaches (2ms)
			RebuildScriptCaches (56ms)
			SetupLoadedEditorAssemblies (488ms)
				LogAssemblyErrors (0ms)
				InitializePlatformSupportModulesInManaged (5ms)
				SetLoadedEditorAssemblies (1ms)
				RefreshPlugins (1ms)
				BeforeProcessingInitializeOnLoad (86ms)
				ProcessInitializeOnLoadAttributes (314ms)
				ProcessInitializeOnLoadMethodAttributes (78ms)
				AfterProcessingInitializeOnLoad (3ms)
				EditorAssembliesLoaded (0ms)
			ExecutionOrderSort2 (0ms)
			AwakeInstancesAfterBackupRestoration (11ms)
Platform modules already initialized, skipping
Refreshing native plugins compatible for Editor in 1.38 ms, found 11 plugins.
Preloading 0 native plugins for Editor in 0.00 ms.
Unloading 3981 Unused Serialized files (Serialized files now loaded: 0)
System memory in use before: 221.6 MB.
System memory in use after: 221.9 MB.

Unloading 36 unused Assets to reduce memory usage. Loaded Objects now: 4778.
Total: 4.629800 ms (FindLiveObjects: 0.311400 ms CreateObjectMapping: 0.241500 ms MarkObjects: 3.937300 ms  DeleteObjects: 0.138700 ms)

AssetImportParameters requested are different than current active one (requested -> active):
  custom:framework-win-MediaFoundation: 216162199b28c13a410421893ffa2e32 -> 
  custom:video-decoder-ogg-theora: a1e56fd34408186e4bbccfd4996cb3dc -> 
  custom:container-muxer-webm: aa71ff27fc2769a1b78a27578f13a17b -> 
  custom:container-demuxer-webm: 4f35f7cbe854078d1ac9338744f61a02 -> 
  custom:container-demuxer-ogg: 62fdf1f143b41e24485cea50d1cbac27 -> 
  custom:video-encoder-webm-vp8: eb34c28f22e8b96e1ab97ce403110664 -> 
  custom:video-codec-MediaFoundation-h265: 746d11721c4dcdbdad8f713fa42b33f4 -> 
  custom:video-decoder-webm-vp8: 9c59270c3fd7afecdb556c50c9e8de78 -> 
  custom:audio-decoder-ogg-vorbis: bf7c407c2cedff20999df2af8eb42d56 -> 
  custom:audio-encoder-webm-vorbis: bf7c407c2cedff20999df2af8eb42d56 -> 
========================================================================
Received Prepare
Registering precompiled user dll's ...
Registered in 0.007811 seconds.
Begin MonoManager ReloadAssembly
Native extension for WindowsStandalone target not found
Native extension for WebGL target not found
Refreshing native plugins compatible for Editor in 1.40 ms, found 11 plugins.
Preloading 0 native plugins for Editor in 0.00 ms.
Mono: successfully reloaded assembly
- Completed reload, in  1.488 seconds
Domain Reload Profiling:
	ReloadAssembly (1488ms)
		BeginReloadAssembly (140ms)
			ExecutionOrderSort (0ms)
			DisableScriptedObjects (6ms)
			BackupInstance (0ms)
			ReleaseScriptingObjects (0ms)
			CreateAndSetChildDomain (45ms)
		EndReloadAssembly (1272ms)
			LoadAssemblies (132ms)
			RebuildTransferFunctionScriptingTraits (0ms)
			SetupTypeCache (435ms)
			ReleaseScriptCaches (2ms)
			RebuildScriptCaches (59ms)
			SetupLoadedEditorAssemblies (489ms)
				LogAssemblyErrors (0ms)
				InitializePlatformSupportModulesInManaged (4ms)
				SetLoadedEditorAssemblies (1ms)
				RefreshPlugins (2ms)
				BeforeProcessingInitializeOnLoad (93ms)
				ProcessInitializeOnLoadAttributes (315ms)
				ProcessInitializeOnLoadMethodAttributes (70ms)
				AfterProcessingInitializeOnLoad (3ms)
				EditorAssembliesLoaded (0ms)
			ExecutionOrderSort2 (0ms)
			AwakeInstancesAfterBackupRestoration (11ms)
Platform modules already initialized, skipping
Refreshing native plugins compatible for Editor in 1.22 ms, found 11 plugins.
Preloading 0 native plugins for Editor in 0.00 ms.
Unloading 3981 Unused Serialized files (Serialized files now loaded: 0)
System memory in use before: 221.7 MB.
System memory in use after: 221.9 MB.

Unloading 36 unused Assets to reduce memory usage. Loaded Objects now: 4782.
Total: 4.092800 ms (FindLiveObjects: 0.322700 ms CreateObjectMapping: 0.224700 ms MarkObjects: 3.514400 ms  DeleteObjects: 0.030300 ms)

AssetImportParameters requested are different than current active one (requested -> active):
  custom:framework-win-MediaFoundation: 216162199b28c13a410421893ffa2e32 -> 
  custom:video-decoder-ogg-theora: a1e56fd34408186e4bbccfd4996cb3dc -> 
  custom:container-muxer-webm: aa71ff27fc2769a1b78a27578f13a17b -> 
  custom:container-demuxer-webm: 4f35f7cbe854078d1ac9338744f61a02 -> 
  custom:container-demuxer-ogg: 62fdf1f143b41e24485cea50d1cbac27 -> 
  custom:video-encoder-webm-vp8: eb34c28f22e8b96e1ab97ce403110664 -> 
  custom:video-codec-MediaFoundation-h265: 746d11721c4dcdbdad8f713fa42b33f4 -> 
  custom:video-decoder-webm-vp8: 9c59270c3fd7afecdb556c50c9e8de78 -> 
  custom:audio-decoder-ogg-vorbis: bf7c407c2cedff20999df2af8eb42d56 -> 
  custom:audio-encoder-webm-vorbis: bf7c407c2cedff20999df2af8eb42d56 -> 
========================================================================
Received Prepare
Registering precompiled user dll's ...
Registered in 0.008008 seconds.
Begin MonoManager ReloadAssembly
Native extension for WindowsStandalone target not found
Native extension for WebGL target not found
Refreshing native plugins compatible for Editor in 1.23 ms, found 11 plugins.
Preloading 0 native plugins for Editor in 0.00 ms.
Mono: successfully reloaded assembly
- Completed reload, in  1.460 seconds
Domain Reload Profiling:
	ReloadAssembly (1461ms)
		BeginReloadAssembly (190ms)
			ExecutionOrderSort (0ms)
			DisableScriptedObjects (9ms)
			BackupInstance (0ms)
			ReleaseScriptingObjects (0ms)
			CreateAndSetChildDomain (77ms)
		EndReloadAssembly (1200ms)
			LoadAssemblies (133ms)
			RebuildTransferFunctionScriptingTraits (0ms)
			SetupTypeCache (415ms)
			ReleaseScriptCaches (2ms)
			RebuildScriptCaches (53ms)
			SetupLoadedEditorAssemblies (463ms)
				LogAssemblyErrors (0ms)
				InitializePlatformSupportModulesInManaged (5ms)
				SetLoadedEditorAssemblies (1ms)
				RefreshPlugins (1ms)
				BeforeProcessingInitializeOnLoad (88ms)
				ProcessInitializeOnLoadAttributes (299ms)
				ProcessInitializeOnLoadMethodAttributes (66ms)
				AfterProcessingInitializeOnLoad (3ms)
				EditorAssembliesLoaded (0ms)
			ExecutionOrderSort2 (0ms)
			AwakeInstancesAfterBackupRestoration (10ms)
Platform modules already initialized, skipping
Refreshing native plugins compatible for Editor in 1.25 ms, found 11 plugins.
Preloading 0 native plugins for Editor in 0.00 ms.
Unloading 3981 Unused Serialized files (Serialized files now loaded: 0)
System memory in use before: 221.7 MB.
System memory in use after: 221.9 MB.

Unloading 36 unused Assets to reduce memory usage. Loaded Objects now: 4786.
Total: 4.349700 ms (FindLiveObjects: 0.358500 ms CreateObjectMapping: 0.278000 ms MarkObjects: 3.650800 ms  DeleteObjects: 0.061700 ms)

AssetImportParameters requested are different than current active one (requested -> active):
  custom:framework-win-MediaFoundation: 216162199b28c13a410421893ffa2e32 -> 
  custom:video-decoder-ogg-theora: a1e56fd34408186e4bbccfd4996cb3dc -> 
  custom:container-muxer-webm: aa71ff27fc2769a1b78a27578f13a17b -> 
  custom:container-demuxer-webm: 4f35f7cbe854078d1ac9338744f61a02 -> 
  custom:container-demuxer-ogg: 62fdf1f143b41e24485cea50d1cbac27 -> 
  custom:video-encoder-webm-vp8: eb34c28f22e8b96e1ab97ce403110664 -> 
  custom:video-codec-MediaFoundation-h265: 746d11721c4dcdbdad8f713fa42b33f4 -> 
  custom:video-decoder-webm-vp8: 9c59270c3fd7afecdb556c50c9e8de78 -> 
  custom:audio-decoder-ogg-vorbis: bf7c407c2cedff20999df2af8eb42d56 -> 
  custom:audio-encoder-webm-vorbis: bf7c407c2cedff20999df2af8eb42d56 -> 
========================================================================
Received Prepare
Registering precompiled user dll's ...
Registered in 0.007614 seconds.
Begin MonoManager ReloadAssembly
Native extension for WindowsStandalone target not found
Native extension for WebGL target not found
Refreshing native plugins compatible for Editor in 1.32 ms, found 11 plugins.
Preloading 0 native plugins for Editor in 0.00 ms.
Mono: successfully reloaded assembly
- Completed reload, in  1.511 seconds
Domain Reload Profiling:
	ReloadAssembly (1512ms)
		BeginReloadAssembly (141ms)
			ExecutionOrderSort (0ms)
			DisableScriptedObjects (5ms)
			BackupInstance (0ms)
			ReleaseScriptingObjects (0ms)
			CreateAndSetChildDomain (45ms)
		EndReloadAssembly (1299ms)
			LoadAssemblies (137ms)
			RebuildTransferFunctionScriptingTraits (0ms)
			SetupTypeCache (446ms)
			ReleaseScriptCaches (2ms)
			RebuildScriptCaches (63ms)
			SetupLoadedEditorAssemblies (494ms)
				LogAssemblyErrors (0ms)
				InitializePlatformSupportModulesInManaged (4ms)
				SetLoadedEditorAssemblies (1ms)
				RefreshPlugins (1ms)
				BeforeProcessingInitializeOnLoad (99ms)
				ProcessInitializeOnLoadAttributes (316ms)
				ProcessInitializeOnLoadMethodAttributes (68ms)
				AfterProcessingInitializeOnLoad (3ms)
				EditorAssembliesLoaded (0ms)
			ExecutionOrderSort2 (0ms)
			AwakeInstancesAfterBackupRestoration (11ms)
Platform modules already initialized, skipping
Refreshing native plugins compatible for Editor in 1.28 ms, found 11 plugins.
Preloading 0 native plugins for Editor in 0.00 ms.
Unloading 3981 Unused Serialized files (Serialized files now loaded: 0)
System memory in use before: 221.7 MB.
System memory in use after: 221.9 MB.

Unloading 36 unused Assets to reduce memory usage. Loaded Objects now: 4790.
Total: 4.065700 ms (FindLiveObjects: 0.329100 ms CreateObjectMapping: 0.240900 ms MarkObjects: 3.464900 ms  DeleteObjects: 0.030100 ms)

AssetImportParameters requested are different than current active one (requested -> active):
  custom:framework-win-MediaFoundation: 216162199b28c13a410421893ffa2e32 -> 
  custom:video-decoder-ogg-theora: a1e56fd34408186e4bbccfd4996cb3dc -> 
  custom:container-muxer-webm: aa71ff27fc2769a1b78a27578f13a17b -> 
  custom:container-demuxer-webm: 4f35f7cbe854078d1ac9338744f61a02 -> 
  custom:container-demuxer-ogg: 62fdf1f143b41e24485cea50d1cbac27 -> 
  custom:video-encoder-webm-vp8: eb34c28f22e8b96e1ab97ce403110664 -> 
  custom:video-codec-MediaFoundation-h265: 746d11721c4dcdbdad8f713fa42b33f4 -> 
  custom:video-decoder-webm-vp8: 9c59270c3fd7afecdb556c50c9e8de78 -> 
  custom:audio-decoder-ogg-vorbis: bf7c407c2cedff20999df2af8eb42d56 -> 
  custom:audio-encoder-webm-vorbis: bf7c407c2cedff20999df2af8eb42d56 -> 
========================================================================
Received Prepare
Registering precompiled user dll's ...
Registered in 0.007502 seconds.
Begin MonoManager ReloadAssembly
Native extension for WindowsStandalone target not found
Native extension for WebGL target not found
Refreshing native plugins compatible for Editor in 1.27 ms, found 11 plugins.
Preloading 0 native plugins for Editor in 0.00 ms.
Mono: successfully reloaded assembly
- Completed reload, in  1.417 seconds
Domain Reload Profiling:
	ReloadAssembly (1418ms)
		BeginReloadAssembly (133ms)
			ExecutionOrderSort (0ms)
			DisableScriptedObjects (6ms)
			BackupInstance (0ms)
			ReleaseScriptingObjects (0ms)
			CreateAndSetChildDomain (43ms)
		EndReloadAssembly (1216ms)
			LoadAssemblies (118ms)
			RebuildTransferFunctionScriptingTraits (0ms)
			SetupTypeCache (422ms)
			ReleaseScriptCaches (1ms)
			RebuildScriptCaches (55ms)
			SetupLoadedEditorAssemblies (475ms)
				LogAssemblyErrors (0ms)
				InitializePlatformSupportModulesInManaged (4ms)
				SetLoadedEditorAssemblies (1ms)
				RefreshPlugins (1ms)
				BeforeProcessingInitializeOnLoad (87ms)
				ProcessInitializeOnLoadAttributes (309ms)
				ProcessInitializeOnLoadMethodAttributes (69ms)
				AfterProcessingInitializeOnLoad (3ms)
				EditorAssembliesLoaded (0ms)
			ExecutionOrderSort2 (0ms)
			AwakeInstancesAfterBackupRestoration (10ms)
Platform modules already initialized, skipping
Refreshing native plugins compatible for Editor in 1.96 ms, found 11 plugins.
Preloading 0 native plugins for Editor in 0.00 ms.
Unloading 3981 Unused Serialized files (Serialized files now loaded: 0)
System memory in use before: 221.7 MB.
System memory in use after: 221.9 MB.

Unloading 36 unused Assets to reduce memory usage. Loaded Objects now: 4794.
Total: 5.357700 ms (FindLiveObjects: 0.527300 ms CreateObjectMapping: 0.309800 ms MarkObjects: 4.481200 ms  DeleteObjects: 0.038400 ms)

AssetImportParameters requested are different than current active one (requested -> active):
  custom:framework-win-MediaFoundation: 216162199b28c13a410421893ffa2e32 -> 
  custom:video-decoder-ogg-theora: a1e56fd34408186e4bbccfd4996cb3dc -> 
  custom:container-muxer-webm: aa71ff27fc2769a1b78a27578f13a17b -> 
  custom:container-demuxer-webm: 4f35f7cbe854078d1ac9338744f61a02 -> 
  custom:container-demuxer-ogg: 62fdf1f143b41e24485cea50d1cbac27 -> 
  custom:video-encoder-webm-vp8: eb34c28f22e8b96e1ab97ce403110664 -> 
  custom:video-codec-MediaFoundation-h265: 746d11721c4dcdbdad8f713fa42b33f4 -> 
  custom:video-decoder-webm-vp8: 9c59270c3fd7afecdb556c50c9e8de78 -> 
  custom:audio-decoder-ogg-vorbis: bf7c407c2cedff20999df2af8eb42d56 -> 
  custom:audio-encoder-webm-vorbis: bf7c407c2cedff20999df2af8eb42d56 -> 
AssetImportWorkerClient::OnTransportError - code=2 error=End of file
